<?xml version="1.0" encoding="UTF-8"?>
<testng-results skipped="0" failed="0" ignored="0" total="1" passed="1">
  <reporter-output>
  </reporter-output>
  <suite name="Suite" duration-ms="21190" started-at="2020-11-03T16:10:18 EST" finished-at="2020-11-03T16:10:39 EST">
    <groups>
    </groups>
    <test name="Test" duration-ms="21190" started-at="2020-11-03T16:10:18 EST" finished-at="2020-11-03T16:10:39 EST">
      <class name="com.amazon.homepageTest.HomePageTest">
        <test-method status="PASS" signature="homePageTest()[pri:0, instance:com.amazon.homepageTest.HomePageTest@35fc6dc4]" name="homePageTest" duration-ms="19502" started-at="2020-11-03T16:10:18 EST" finished-at="2020-11-03T16:10:38 EST">
          <reporter-output>
          </reporter-output>
        </test-method> <!-- homePageTest -->
      </class> <!-- com.amazon.homepageTest.HomePageTest -->
    </test> <!-- Test -->
  </suite> <!-- Suite -->
</testng-results>
